Determining if the pthread_create exist failed with the following output:
Change Dir: /media/jongsoo/HDD/work/2021_SensorMotionRobotEng/catkin_ws/build/CMakeFiles/CMakeTmp

Run Build Command:"/usr/bin/make" "cmTC_75754/fast"
/usr/bin/make -f CMakeFiles/cmTC_75754.dir/build.make CMakeFiles/cmTC_75754.dir/build
make[1]: Entering directory '/media/jongsoo/HDD/work/2021_SensorMotionRobotEng/catkin_ws/build/CMakeFiles/CMakeTmp'
Building C object CMakeFiles/cmTC_75754.dir/CheckSymbolExists.c.o
/usr/bin/cc    -o CMakeFiles/cmTC_75754.dir/CheckSymbolExists.c.o   -c /media/jongsoo/HDD/work/2021_SensorMotionRobotEng/catkin_ws/build/CMakeFiles/CMakeTmp/CheckSymbolExists.c
Linking C executable cmTC_75754
/usr/bin/cmake -E cmake_link_script CMakeFiles/cmTC_75754.dir/link.txt --verbose=1
/usr/bin/cc      -rdynamic CMakeFiles/cmTC_75754.dir/CheckSymbolExists.c.o  -o cmTC_75754 
CMakeFiles/cmTC_75754.dir/CheckSymbolExists.c.o: In function `main':
CheckSymbolExists.c:(.text+0x1b): undefined reference to `pthread_create'
collect2: error: ld returned 1 exit status
CMakeFiles/cmTC_75754.dir/build.make:97: recipe for target 'cmTC_75754' failed
make[1]: *** [cmTC_75754] Error 1
make[1]: Leaving directory '/media/jongsoo/HDD/work/2021_SensorMotionRobotEng/catkin_ws/build/CMakeFiles/CMakeTmp'
Makefile:126: recipe for target 'cmTC_75754/fast' failed
make: *** [cmTC_75754/fast] Error 2

File /media/jongsoo/HDD/work/2021_SensorMotionRobotEng/catkin_ws/build/CMakeFiles/CMakeTmp/CheckSymbolExists.c:
/* */
#include <pthread.h>

int main(int argc, char** argv)
{
  (void)argv;
#ifndef pthread_create
  return ((int*)(&pthread_create))[argc];
#else
  (void)argc;
  return 0;
#endif
}

Determining if the function pthread_create exists in the pthreads failed with the following output:
Change Dir: /media/jongsoo/HDD/work/2021_SensorMotionRobotEng/catkin_ws/build/CMakeFiles/CMakeTmp

Run Build Command:"/usr/bin/make" "cmTC_57418/fast"
/usr/bin/make -f CMakeFiles/cmTC_57418.dir/build.make CMakeFiles/cmTC_57418.dir/build
make[1]: Entering directory '/media/jongsoo/HDD/work/2021_SensorMotionRobotEng/catkin_ws/build/CMakeFiles/CMakeTmp'
Building C object CMakeFiles/cmTC_57418.dir/CheckFunctionExists.c.o
/usr/bin/cc   -DCHECK_FUNCTION_EXISTS=pthread_create   -o CMakeFiles/cmTC_57418.dir/CheckFunctionExists.c.o   -c /usr/share/cmake-3.10/Modules/CheckFunctionExists.c
Linking C executable cmTC_57418
/usr/bin/cmake -E cmake_link_script CMakeFiles/cmTC_57418.dir/link.txt --verbose=1
/usr/bin/cc  -DCHECK_FUNCTION_EXISTS=pthread_create    -rdynamic CMakeFiles/cmTC_57418.dir/CheckFunctionExists.c.o  -o cmTC_57418 -lpthreads 
/usr/bin/ld: cannot find -lpthreads
collect2: error: ld returned 1 exit status
CMakeFiles/cmTC_57418.dir/build.make:97: recipe for target 'cmTC_57418' failed
make[1]: *** [cmTC_57418] Error 1
make[1]: Leaving directory '/media/jongsoo/HDD/work/2021_SensorMotionRobotEng/catkin_ws/build/CMakeFiles/CMakeTmp'
Makefile:126: recipe for target 'cmTC_57418/fast' failed
make: *** [cmTC_57418/fast] Error 2


